2024/09/02 13:48:55 [notice] 1#1: using the "epoll" event method
2024/09/02 13:48:55 [notice] 1#1: nginx/1.25.5
2024/09/02 13:48:55 [notice] 1#1: built by gcc 13.2.1 20231014 (Alpine 13.2.1_git20231014) 
2024/09/02 13:48:55 [notice] 1#1: OS: Linux 6.6.22-linuxkit
2024/09/02 13:48:55 [notice] 1#1: getrlimit(RLIMIT_NOFILE): 1048576:1048576
2024/09/02 13:48:55 [notice] 1#1: start worker processes
2024/09/02 13:48:55 [notice] 1#1: start worker process 20
2024/09/02 13:48:55 [notice] 1#1: start worker process 21
2024/09/02 13:48:55 [notice] 1#1: start worker process 22
2024/09/02 13:48:55 [notice] 1#1: start worker process 23
2024/09/02 13:48:55 [notice] 1#1: start worker process 24
2024/09/02 13:48:55 [notice] 1#1: start worker process 25
2024/09/02 13:48:55 [notice] 1#1: start worker process 26
2024/09/02 13:48:55 [notice] 1#1: start worker process 27
2024/09/03 11:40:37 [notice] 1#1: using the "epoll" event method
2024/09/03 11:40:37 [notice] 1#1: nginx/1.25.5
2024/09/03 11:40:37 [notice] 1#1: built by gcc 13.2.1 20231014 (Alpine 13.2.1_git20231014) 
2024/09/03 11:40:37 [notice] 1#1: OS: Linux 6.6.22-linuxkit
2024/09/03 11:40:37 [notice] 1#1: getrlimit(RLIMIT_NOFILE): 1048576:1048576
2024/09/03 11:40:37 [notice] 1#1: start worker processes
2024/09/03 11:40:37 [notice] 1#1: start worker process 19
2024/09/03 11:40:37 [notice] 1#1: start worker process 20
2024/09/03 11:40:37 [notice] 1#1: start worker process 21
2024/09/03 11:40:37 [notice] 1#1: start worker process 22
2024/09/03 11:40:37 [notice] 1#1: start worker process 23
2024/09/03 11:40:37 [notice] 1#1: start worker process 24
2024/09/03 11:40:37 [notice] 1#1: start worker process 25
2024/09/03 11:40:37 [notice] 1#1: start worker process 26
2024/09/03 11:41:00 [notice] 1#1: signal 3 (SIGQUIT) received, shutting down
2024/09/03 11:41:00 [notice] 26#26: gracefully shutting down
2024/09/03 11:41:00 [notice] 26#26: exiting
2024/09/03 11:41:00 [notice] 25#25: gracefully shutting down
2024/09/03 11:41:00 [notice] 25#25: exiting
2024/09/03 11:41:00 [notice] 20#20: gracefully shutting down
2024/09/03 11:41:00 [notice] 19#19: gracefully shutting down
2024/09/03 11:41:00 [notice] 21#21: gracefully shutting down
2024/09/03 11:41:00 [notice] 22#22: gracefully shutting down
2024/09/03 11:41:00 [notice] 22#22: exiting
2024/09/03 11:41:00 [notice] 23#23: gracefully shutting down
2024/09/03 11:41:00 [notice] 24#24: gracefully shutting down
2024/09/03 11:41:00 [notice] 26#26: exit
2024/09/03 11:41:00 [notice] 25#25: exit
2024/09/03 11:41:00 [notice] 20#20: exiting
2024/09/03 11:41:00 [notice] 19#19: exiting
2024/09/03 11:41:00 [notice] 21#21: exiting
2024/09/03 11:41:00 [notice] 22#22: exit
2024/09/03 11:41:00 [notice] 23#23: exiting
2024/09/03 11:41:00 [notice] 24#24: exiting
2024/09/03 11:41:00 [notice] 20#20: exit
2024/09/03 11:41:00 [notice] 19#19: exit
2024/09/03 11:41:00 [notice] 21#21: exit
2024/09/03 11:41:00 [notice] 23#23: exit
2024/09/03 11:41:00 [notice] 24#24: exit
2024/09/03 11:41:00 [notice] 1#1: signal 17 (SIGCHLD) received from 26
2024/09/03 11:41:00 [notice] 1#1: worker process 19 exited with code 0
2024/09/03 11:41:00 [notice] 1#1: worker process 21 exited with code 0
2024/09/03 11:41:00 [notice] 1#1: worker process 22 exited with code 0
2024/09/03 11:41:00 [notice] 1#1: worker process 24 exited with code 0
2024/09/03 11:41:00 [notice] 1#1: worker process 25 exited with code 0
2024/09/03 11:41:00 [notice] 1#1: worker process 26 exited with code 0
2024/09/03 11:41:00 [notice] 1#1: signal 29 (SIGIO) received
2024/09/03 11:41:00 [notice] 1#1: signal 17 (SIGCHLD) received from 25
2024/09/03 11:41:00 [notice] 1#1: signal 17 (SIGCHLD) received from 20
2024/09/03 11:41:00 [notice] 1#1: worker process 20 exited with code 0
2024/09/03 11:41:00 [notice] 1#1: worker process 23 exited with code 0
2024/09/03 11:41:00 [notice] 1#1: exit
2024/09/03 11:41:00 [notice] 1#1: using the "epoll" event method
2024/09/03 11:41:00 [notice] 1#1: nginx/1.25.5
2024/09/03 11:41:00 [notice] 1#1: built by gcc 13.2.1 20231014 (Alpine 13.2.1_git20231014) 
2024/09/03 11:41:00 [notice] 1#1: OS: Linux 6.6.22-linuxkit
2024/09/03 11:41:00 [notice] 1#1: getrlimit(RLIMIT_NOFILE): 1048576:1048576
2024/09/03 11:41:00 [notice] 1#1: start worker processes
2024/09/03 11:41:00 [notice] 1#1: start worker process 19
2024/09/03 11:41:00 [notice] 1#1: start worker process 20
2024/09/03 11:41:00 [notice] 1#1: start worker process 21
2024/09/03 11:41:00 [notice] 1#1: start worker process 22
2024/09/03 11:41:00 [notice] 1#1: start worker process 23
2024/09/03 11:41:00 [notice] 1#1: start worker process 24
2024/09/03 11:41:00 [notice] 1#1: start worker process 25
2024/09/03 11:41:00 [notice] 1#1: start worker process 26
2024/09/05 12:50:28 [notice] 1#1: using the "epoll" event method
2024/09/05 12:50:28 [notice] 1#1: nginx/1.25.5
2024/09/05 12:50:28 [notice] 1#1: built by gcc 13.2.1 20231014 (Alpine 13.2.1_git20231014) 
2024/09/05 12:50:28 [notice] 1#1: OS: Linux 6.6.22-linuxkit
2024/09/05 12:50:28 [notice] 1#1: getrlimit(RLIMIT_NOFILE): 1048576:1048576
2024/09/05 12:50:28 [notice] 1#1: start worker processes
2024/09/05 12:50:28 [notice] 1#1: start worker process 19
2024/09/05 12:50:28 [notice] 1#1: start worker process 20
2024/09/05 12:50:28 [notice] 1#1: start worker process 21
2024/09/05 12:50:28 [notice] 1#1: start worker process 22
2024/09/05 12:50:28 [notice] 1#1: start worker process 23
2024/09/05 12:50:28 [notice] 1#1: start worker process 24
2024/09/05 12:50:28 [notice] 1#1: start worker process 25
2024/09/05 12:50:28 [notice] 1#1: start worker process 26
2024/09/05 12:50:33 [notice] 1#1: signal 3 (SIGQUIT) received, shutting down
2024/09/05 12:50:33 [notice] 19#19: gracefully shutting down
2024/09/05 12:50:33 [notice] 22#22: gracefully shutting down
2024/09/05 12:50:33 [notice] 23#23: gracefully shutting down
2024/09/05 12:50:33 [notice] 24#24: gracefully shutting down
2024/09/05 12:50:33 [notice] 25#25: gracefully shutting down
2024/09/05 12:50:33 [notice] 20#20: gracefully shutting down
2024/09/05 12:50:33 [notice] 26#26: gracefully shutting down
2024/09/05 12:50:33 [notice] 21#21: gracefully shutting down
2024/09/05 12:50:33 [notice] 19#19: exiting
2024/09/05 12:50:33 [notice] 22#22: exiting
2024/09/05 12:50:33 [notice] 23#23: exiting
2024/09/05 12:50:33 [notice] 24#24: exiting
2024/09/05 12:50:33 [notice] 25#25: exiting
2024/09/05 12:50:33 [notice] 20#20: exiting
2024/09/05 12:50:33 [notice] 26#26: exiting
2024/09/05 12:50:33 [notice] 21#21: exiting
2024/09/05 12:50:33 [notice] 21#21: exit
2024/09/05 12:50:33 [notice] 19#19: exit
2024/09/05 12:50:33 [notice] 22#22: exit
2024/09/05 12:50:33 [notice] 23#23: exit
2024/09/05 12:50:33 [notice] 24#24: exit
2024/09/05 12:50:33 [notice] 25#25: exit
2024/09/05 12:50:33 [notice] 20#20: exit
2024/09/05 12:50:33 [notice] 26#26: exit
2024/09/05 12:50:33 [notice] 1#1: signal 17 (SIGCHLD) received from 25
2024/09/05 12:50:33 [notice] 1#1: worker process 19 exited with code 0
2024/09/05 12:50:33 [notice] 1#1: worker process 20 exited with code 0
2024/09/05 12:50:33 [notice] 1#1: worker process 21 exited with code 0
2024/09/05 12:50:33 [notice] 1#1: worker process 22 exited with code 0
2024/09/05 12:50:33 [notice] 1#1: worker process 23 exited with code 0
2024/09/05 12:50:33 [notice] 1#1: worker process 24 exited with code 0
2024/09/05 12:50:33 [notice] 1#1: worker process 25 exited with code 0
2024/09/05 12:50:33 [notice] 1#1: worker process 26 exited with code 0
2024/09/05 12:50:33 [notice] 1#1: exit
2024/09/05 12:50:34 [notice] 1#1: using the "epoll" event method
2024/09/05 12:50:34 [notice] 1#1: nginx/1.25.5
2024/09/05 12:50:34 [notice] 1#1: built by gcc 13.2.1 20231014 (Alpine 13.2.1_git20231014) 
2024/09/05 12:50:34 [notice] 1#1: OS: Linux 6.6.22-linuxkit
2024/09/05 12:50:34 [notice] 1#1: getrlimit(RLIMIT_NOFILE): 1048576:1048576
2024/09/05 12:50:34 [notice] 1#1: start worker processes
2024/09/05 12:50:34 [notice] 1#1: start worker process 20
2024/09/05 12:50:34 [notice] 1#1: start worker process 21
2024/09/05 12:50:34 [notice] 1#1: start worker process 22
2024/09/05 12:50:34 [notice] 1#1: start worker process 23
2024/09/05 12:50:34 [notice] 1#1: start worker process 24
2024/09/05 12:50:34 [notice] 1#1: start worker process 25
2024/09/05 12:50:34 [notice] 1#1: start worker process 26
2024/09/05 12:50:34 [notice] 1#1: start worker process 27
2024/09/06 11:44:57 [notice] 1#1: using the "epoll" event method
2024/09/06 11:44:57 [notice] 1#1: nginx/1.25.5
2024/09/06 11:44:57 [notice] 1#1: built by gcc 13.2.1 20231014 (Alpine 13.2.1_git20231014) 
2024/09/06 11:44:57 [notice] 1#1: OS: Linux 6.6.22-linuxkit
2024/09/06 11:44:57 [notice] 1#1: getrlimit(RLIMIT_NOFILE): 1048576:1048576
2024/09/06 11:44:57 [notice] 1#1: start worker processes
2024/09/06 11:44:57 [notice] 1#1: start worker process 19
2024/09/06 11:44:57 [notice] 1#1: start worker process 20
2024/09/06 11:44:57 [notice] 1#1: start worker process 21
2024/09/06 11:44:57 [notice] 1#1: start worker process 22
2024/09/06 11:44:57 [notice] 1#1: start worker process 23
2024/09/06 11:44:57 [notice] 1#1: start worker process 24
2024/09/06 11:44:57 [notice] 1#1: start worker process 25
2024/09/06 11:44:57 [notice] 1#1: start worker process 26
2024/09/06 11:45:03 [notice] 1#1: signal 3 (SIGQUIT) received, shutting down
2024/09/06 11:45:03 [notice] 19#19: gracefully shutting down
2024/09/06 11:45:03 [notice] 19#19: exiting
2024/09/06 11:45:03 [notice] 20#20: gracefully shutting down
2024/09/06 11:45:03 [notice] 21#21: gracefully shutting down
2024/09/06 11:45:03 [notice] 21#21: exiting
2024/09/06 11:45:03 [notice] 24#24: gracefully shutting down
2024/09/06 11:45:03 [notice] 23#23: gracefully shutting down
2024/09/06 11:45:03 [notice] 26#26: gracefully shutting down
2024/09/06 11:45:03 [notice] 25#25: gracefully shutting down
2024/09/06 11:45:03 [notice] 22#22: gracefully shutting down
2024/09/06 11:45:03 [notice] 19#19: exit
2024/09/06 11:45:03 [notice] 20#20: exiting
2024/09/06 11:45:03 [notice] 21#21: exit
2024/09/06 11:45:03 [notice] 24#24: exiting
2024/09/06 11:45:03 [notice] 23#23: exiting
2024/09/06 11:45:03 [notice] 23#23: exit
2024/09/06 11:45:03 [notice] 26#26: exiting
2024/09/06 11:45:03 [notice] 25#25: exiting
2024/09/06 11:45:03 [notice] 22#22: exiting
2024/09/06 11:45:03 [notice] 20#20: exit
2024/09/06 11:45:03 [notice] 24#24: exit
2024/09/06 11:45:03 [notice] 26#26: exit
2024/09/06 11:45:03 [notice] 25#25: exit
2024/09/06 11:45:03 [notice] 22#22: exit
2024/09/06 11:45:03 [notice] 1#1: signal 17 (SIGCHLD) received from 19
2024/09/06 11:45:03 [notice] 1#1: worker process 19 exited with code 0
2024/09/06 11:45:03 [notice] 1#1: worker process 21 exited with code 0
2024/09/06 11:45:03 [notice] 1#1: worker process 23 exited with code 0
2024/09/06 11:45:03 [notice] 1#1: signal 29 (SIGIO) received
2024/09/06 11:45:03 [notice] 1#1: signal 17 (SIGCHLD) received from 26
2024/09/06 11:45:03 [notice] 1#1: worker process 20 exited with code 0
2024/09/06 11:45:03 [notice] 1#1: worker process 22 exited with code 0
2024/09/06 11:45:03 [notice] 1#1: worker process 24 exited with code 0
2024/09/06 11:45:03 [notice] 1#1: worker process 25 exited with code 0
2024/09/06 11:45:03 [notice] 1#1: worker process 26 exited with code 0
2024/09/06 11:45:03 [notice] 1#1: exit
2024/09/06 11:45:03 [notice] 1#1: using the "epoll" event method
2024/09/06 11:45:03 [notice] 1#1: nginx/1.25.5
2024/09/06 11:45:03 [notice] 1#1: built by gcc 13.2.1 20231014 (Alpine 13.2.1_git20231014) 
2024/09/06 11:45:03 [notice] 1#1: OS: Linux 6.6.22-linuxkit
2024/09/06 11:45:03 [notice] 1#1: getrlimit(RLIMIT_NOFILE): 1048576:1048576
2024/09/06 11:45:03 [notice] 1#1: start worker processes
2024/09/06 11:45:03 [notice] 1#1: start worker process 20
2024/09/06 11:45:03 [notice] 1#1: start worker process 21
2024/09/06 11:45:03 [notice] 1#1: start worker process 22
2024/09/06 11:45:03 [notice] 1#1: start worker process 23
2024/09/06 11:45:03 [notice] 1#1: start worker process 24
2024/09/06 11:45:03 [notice] 1#1: start worker process 25
2024/09/06 11:45:03 [notice] 1#1: start worker process 26
2024/09/06 11:45:03 [notice] 1#1: start worker process 27
